# JRE version: OpenJDK Runtime Environment (7.0_79-b14) (build 1.7.0_79-b14)
# Java VM: OpenJDK 64-Bit Server VM (24.79-b02 mixed mode linux-amd64 compressed oops)
Heap
 PSYoungGen      total 43008K, used 42996K [0x00000000eaa80000, 0x00000000efe80000, 0x0000000100000000)
  eden space 39936K, 100% used [0x00000000eaa80000,0x00000000ed180000,0x00000000ed180000)
  from space 3072K, 99% used [0x00000000ed180000,0x00000000ed47d2e8,0x00000000ed480000)
  to   space 3072K, 100% used [0x00000000efb80000,0x00000000efe80000,0x00000000efe80000)
 ParOldGen       total 51712K, used 13528K [0x00000000c0000000, 0x00000000c3280000, 0x00000000eaa80000)
  object space 51712K, 26% used [0x00000000c0000000,0x00000000c0d36140,0x00000000c3280000)
 PSPermGen       total 21504K, used 7206K [0x00000000b5a00000, 0x00000000b6f00000, 0x00000000c0000000)
  object space 21504K, 33% used [0x00000000b5a00000,0x00000000b6109a78,0x00000000b6f00000)
GC Heap History (7 events):
Event: 0.993 GC heap before
{Heap before GC invocations=1 (full 0):
 PSYoungGen      total 23040K, used 19968K [0x00000000eaa80000, 0x00000000ec400000, 0x0000000100000000)
  eden space 19968K, 100% used [0x00000000eaa80000,0x00000000ebe00000,0x00000000ebe00000)
  from space 3072K, 0% used [0x00000000ec100000,0x00000000ec100000,0x00000000ec400000)
  to   space 3072K, 0% used [0x00000000ebe00000,0x00000000ebe00000,0x00000000ec100000)
 ParOldGen       total 51712K, used 0K [0x00000000c0000000, 0x00000000c3280000, 0x00000000eaa80000)
  object space 51712K, 0% used [0x00000000c0000000,0x00000000c0000000,0x00000000c3280000)
 PSPermGen       total 21504K, used 5139K [0x00000000b5a00000, 0x00000000b6f00000, 0x00000000c0000000)
  object space 21504K, 23% used [0x00000000b5a00000,0x00000000b5f04c58,0x00000000b6f00000)
Event: 1.004 GC heap after
Heap after GC invocations=1 (full 0):
 PSYoungGen      total 23040K, used 3056K [0x00000000eaa80000, 0x00000000ed780000, 0x0000000100000000)
  eden space 19968K, 0% used [0x00000000eaa80000,0x00000000eaa80000,0x00000000ebe00000)
  from space 3072K, 99% used [0x00000000ebe00000,0x00000000ec0fc038,0x00000000ec100000)
  to   space 3072K, 0% used [0x00000000ed480000,0x00000000ed480000,0x00000000ed780000)
 ParOldGen       total 51712K, used 1341K [0x00000000c0000000, 0x00000000c3280000, 0x00000000eaa80000)
  object space 51712K, 2% used [0x00000000c0000000,0x00000000c014f5c8,0x00000000c3280000)
 PSPermGen       total 21504K, used 5139K [0x00000000b5a00000, 0x00000000b6f00000, 0x00000000c0000000)
  object space 21504K, 23% used [0x00000000b5a00000,0x00000000b5f04c58,0x00000000b6f00000)
}
Event: 1.818 GC heap before
{Heap before GC invocations=2 (full 0):
 PSYoungGen      total 23040K, used 23024K [0x00000000eaa80000, 0x00000000ed780000, 0x0000000100000000)
  eden space 19968K, 100% used [0x00000000eaa80000,0x00000000ebe00000,0x00000000ebe00000)
  from space 3072K, 99% used [0x00000000ebe00000,0x00000000ec0fc038,0x00000000ec100000)
  to   space 3072K, 0% used [0x00000000ed480000,0x00000000ed480000,0x00000000ed780000)
 ParOldGen       total 51712K, used 1341K [0x00000000c0000000, 0x00000000c3280000, 0x00000000eaa80000)
  object space 51712K, 2% used [0x00000000c0000000,0x00000000c014f5c8,0x00000000c3280000)
 PSPermGen       total 21504K, used 5291K [0x00000000b5a00000, 0x00000000b6f00000, 0x00000000c0000000)
  object space 21504K, 24% used [0x00000000b5a00000,0x00000000b5f2ac18,0x00000000b6f00000)
Event: 1.837 GC heap after
Heap after GC invocations=2 (full 0):
 PSYoungGen      total 43008K, used 3056K [0x00000000eaa80000, 0x00000000ed780000, 0x0000000100000000)
  eden space 39936K, 0% used [0x00000000eaa80000,0x00000000eaa80000,0x00000000ed180000)
  from space 3072K, 99% used [0x00000000ed480000,0x00000000ed77c038,0x00000000ed780000)
  to   space 3072K, 0% used [0x00000000ed180000,0x00000000ed180000,0x00000000ed480000)
 ParOldGen       total 51712K, used 3837K [0x00000000c0000000, 0x00000000c3280000, 0x00000000eaa80000)
  object space 51712K, 7% used [0x00000000c0000000,0x00000000c03bf5c8,0x00000000c3280000)
 PSPermGen       total 21504K, used 5291K [0x00000000b5a00000, 0x00000000b6f00000, 0x00000000c0000000)
  object space 21504K, 24% used [0x00000000b5a00000,0x00000000b5f2ac18,0x00000000b6f00000)
}
Event: 2.932 GC heap before
{Heap before GC invocations=3 (full 0):
 PSYoungGen      total 43008K, used 42992K [0x00000000eaa80000, 0x00000000ed780000, 0x0000000100000000)
  eden space 39936K, 100% used [0x00000000eaa80000,0x00000000ed180000,0x00000000ed180000)
  from space 3072K, 99% used [0x00000000ed480000,0x00000000ed77c038,0x00000000ed780000)
  to   space 3072K, 0% used [0x00000000ed180000,0x00000000ed180000,0x00000000ed480000)
 ParOldGen       total 51712K, used 3837K [0x00000000c0000000, 0x00000000c3280000, 0x00000000eaa80000)
  object space 51712K, 7% used [0x00000000c0000000,0x00000000c03bf5c8,0x00000000c3280000)
 PSPermGen       total 21504K, used 5351K [0x00000000b5a00000, 0x00000000b6f00000, 0x00000000c0000000)
  object space 21504K, 24% used [0x00000000b5a00000,0x00000000b5f39ce8,0x00000000b6f00000)
Event: 2.950 GC heap after
Heap after GC invocations=3 (full 0):
 PSYoungGen      total 43008K, used 3060K [0x00000000eaa80000, 0x00000000efe80000, 0x0000000100000000)
  eden space 39936K, 0% used [0x00000000eaa80000,0x00000000eaa80000,0x00000000ed180000)
  from space 3072K, 99% used [0x00000000ed180000,0x00000000ed47d2e8,0x00000000ed480000)
  to   space 3072K, 0% used [0x00000000efb80000,0x00000000efb80000,0x00000000efe80000)
 ParOldGen       total 51712K, used 8786K [0x00000000c0000000, 0x00000000c3280000, 0x00000000eaa80000)
  object space 51712K, 16% used [0x00000000c0000000,0x00000000c0894850,0x00000000c3280000)
 PSPermGen       total 21504K, used 5351K [0x00000000b5a00000, 0x00000000b6f00000, 0x00000000c0000000)
  object space 21504K, 24% used [0x00000000b5a00000,0x00000000b5f39ce8,0x00000000b6f00000)
}
Event: 4.768 GC heap before
{Heap before GC invocations=4 (full 0):
 PSYoungGen      total 43008K, used 42996K [0x00000000eaa80000, 0x00000000efe80000, 0x0000000100000000)
  eden space 39936K, 100% used [0x00000000eaa80000,0x00000000ed180000,0x00000000ed180000)
  from space 3072K, 99% used [0x00000000ed180000,0x00000000ed47d2e8,0x00000000ed480000)
  to   space 3072K, 0% used [0x00000000efb80000,0x00000000efb80000,0x00000000efe80000)
 ParOldGen       total 51712K, used 8786K [0x00000000c0000000, 0x00000000c3280000, 0x00000000eaa80000)
  object space 51712K, 16% used [0x00000000c0000000,0x00000000c0894850,0x00000000c3280000)
 PSPermGen       total 21504K, used 7206K [0x00000000b5a00000, 0x00000000b6f00000, 0x00000000c0000000)
  object space 21504K, 33% used [0x00000000b5a00000,0x00000000b6109a78,0x00000000b6f00000)

